Determining if the pthread_create exist failed with the following output:
Change Dir: /home/jetsontx2/VVC_JetsonTX2_arm/VVC_JetsonTX2_arm/build/CMakeFiles/CMakeTmp

Run Build Command:"/usr/bin/make" "cmTC_f8b71/fast"
make[1]: Entering directory '/home/jetsontx2/VVC_JetsonTX2_arm/VVC_JetsonTX2_arm/build/CMakeFiles/CMakeTmp'
/usr/bin/make -f CMakeFiles/cmTC_f8b71.dir/build.make CMakeFiles/cmTC_f8b71.dir/build
make[2]: Entering directory '/home/jetsontx2/VVC_JetsonTX2_arm/VVC_JetsonTX2_arm/build/CMakeFiles/CMakeTmp'
Building C object CMakeFiles/cmTC_f8b71.dir/CheckSymbolExists.c.o
/usr/bin/cc   -fPIE   -o CMakeFiles/cmTC_f8b71.dir/CheckSymbolExists.c.o   -c /home/jetsontx2/VVC_JetsonTX2_arm/VVC_JetsonTX2_arm/build/CMakeFiles/CMakeTmp/CheckSymbolExists.c
Linking C executable cmTC_f8b71
/usr/bin/cmake -E cmake_link_script CMakeFiles/cmTC_f8b71.dir/link.txt --verbose=1
/usr/bin/cc      CMakeFiles/cmTC_f8b71.dir/CheckSymbolExists.c.o  -o cmTC_f8b71 
CMakeFiles/cmTC_f8b71.dir/CheckSymbolExists.c.o: In function `main':
CheckSymbolExists.c:(.text+0x14): undefined reference to `pthread_create'
CheckSymbolExists.c:(.text+0x18): undefined reference to `pthread_create'
collect2: error: ld returned 1 exit status
CMakeFiles/cmTC_f8b71.dir/build.make:97: recipe for target 'cmTC_f8b71' failed
make[2]: *** [cmTC_f8b71] Error 1
make[2]: Leaving directory '/home/jetsontx2/VVC_JetsonTX2_arm/VVC_JetsonTX2_arm/build/CMakeFiles/CMakeTmp'
Makefile:126: recipe for target 'cmTC_f8b71/fast' failed
make[1]: *** [cmTC_f8b71/fast] Error 2
make[1]: Leaving directory '/home/jetsontx2/VVC_JetsonTX2_arm/VVC_JetsonTX2_arm/build/CMakeFiles/CMakeTmp'

File /home/jetsontx2/VVC_JetsonTX2_arm/VVC_JetsonTX2_arm/build/CMakeFiles/CMakeTmp/CheckSymbolExists.c:
/* */
#include <pthread.h>

int main(int argc, char** argv)
{
  (void)argv;
#ifndef pthread_create
  return ((int*)(&pthread_create))[argc];
#else
  (void)argc;
  return 0;
#endif
}

Determining if the function pthread_create exists in the pthreads failed with the following output:
Change Dir: /home/jetsontx2/VVC_JetsonTX2_arm/VVC_JetsonTX2_arm/build/CMakeFiles/CMakeTmp

Run Build Command:"/usr/bin/make" "cmTC_bda06/fast"
make[1]: Entering directory '/home/jetsontx2/VVC_JetsonTX2_arm/VVC_JetsonTX2_arm/build/CMakeFiles/CMakeTmp'
/usr/bin/make -f CMakeFiles/cmTC_bda06.dir/build.make CMakeFiles/cmTC_bda06.dir/build
make[2]: Entering directory '/home/jetsontx2/VVC_JetsonTX2_arm/VVC_JetsonTX2_arm/build/CMakeFiles/CMakeTmp'
Building C object CMakeFiles/cmTC_bda06.dir/CheckFunctionExists.c.o
/usr/bin/cc   -DCHECK_FUNCTION_EXISTS=pthread_create -fPIE   -o CMakeFiles/cmTC_bda06.dir/CheckFunctionExists.c.o   -c /usr/share/cmake-3.10/Modules/CheckFunctionExists.c
Linking C executable cmTC_bda06
/usr/bin/cmake -E cmake_link_script CMakeFiles/cmTC_bda06.dir/link.txt --verbose=1
/usr/bin/cc  -DCHECK_FUNCTION_EXISTS=pthread_create    CMakeFiles/cmTC_bda06.dir/CheckFunctionExists.c.o  -o cmTC_bda06 -lpthreads 
/usr/bin/ld: cannot find -lpthreads
collect2: error: ld returned 1 exit status
CMakeFiles/cmTC_bda06.dir/build.make:97: recipe for target 'cmTC_bda06' failed
make[2]: *** [cmTC_bda06] Error 1
make[2]: Leaving directory '/home/jetsontx2/VVC_JetsonTX2_arm/VVC_JetsonTX2_arm/build/CMakeFiles/CMakeTmp'
Makefile:126: recipe for target 'cmTC_bda06/fast' failed
make[1]: *** [cmTC_bda06/fast] Error 2
make[1]: Leaving directory '/home/jetsontx2/VVC_JetsonTX2_arm/VVC_JetsonTX2_arm/build/CMakeFiles/CMakeTmp'


